<?xml version="1.0" encoding="UTF-8" ?>
<testsuite tests="8" failures="2" name="TestSuite" time="5.079" errors="0" skipped="0">
  <properties>
[...]
</properties>
  <testcase classname="vn.myclass.api.test.ListenGuidelineTest" name="checkAPIfindByProperty" time="4.508"/>
  <testcase classname="vn.myclass.api.test.ListenGuidelineTest" name="checkFindByProperty" time="0"/>
  <testcase classname="vn.myclass.api.test.RoleTest" name="checkDelete" time="0.522">
    <failure message="could not execute statement" type="org.hibernate.exception.ConstraintViolationException">org.hibernate.exception.ConstraintViolationException: could not execute statement
	at org.hibernate.exception.internal.SQLExceptionTypeDelegate.convert(SQLExceptionTypeDelegate.java:72)
	at org.hibernate.exception.internal.StandardSQLExceptionConverter.convert(StandardSQLExceptionConverter.java:49)
	at org.hibernate.engine.jdbc.spi.SqlExceptionHelper.convert(SqlExceptionHelper.java:126)
	at org.hibernate.engine.jdbc.spi.SqlExceptionHelper.convert(SqlExceptionHelper.java:112)
	at org.hibernate.engine.jdbc.internal.ResultSetReturnImpl.executeUpdate(ResultSetReturnImpl.java:211)
	at org.hibernate.engine.jdbc.batch.internal.NonBatchingBatch.addToBatch(NonBatchingBatch.java:62)
	at org.hibernate.persister.entity.AbstractEntityPersister.delete(AbstractEntityPersister.java:3400)
	at org.hibernate.persister.entity.AbstractEntityPersister.delete(AbstractEntityPersister.java:3630)
	at org.hibernate.action.internal.EntityDeleteAction.execute(EntityDeleteAction.java:114)
	at org.hibernate.engine.spi.ActionQueue.executeActions(ActionQueue.java:463)
	at org.hibernate.engine.spi.ActionQueue.executeActions(ActionQueue.java:349)
	at org.hibernate.event.internal.AbstractFlushingEventListener.performExecutions(AbstractFlushingEventListener.java:350)
	at org.hibernate.event.internal.DefaultFlushEventListener.onFlush(DefaultFlushEventListener.java:56)
	at org.hibernate.internal.SessionImpl.flush(SessionImpl.java:1222)
	at org.hibernate.internal.SessionImpl.managedFlush(SessionImpl.java:425)
	at org.hibernate.engine.transaction.internal.jdbc.JdbcTransaction.beforeTransactionCommit(JdbcTransaction.java:101)
	at org.hibernate.engine.transaction.spi.AbstractTransactionImpl.commit(AbstractTransactionImpl.java:177)
	at vn.myclass.core.data.daoimpl.AbstractDao.delete(AbstractDao.java:190)
	at vn.myclass.api.test.RoleTest.checkDelete(RoleTest.java:58)
Caused by: com.mysql.jdbc.exceptions.jdbc4.MySQLIntegrityConstraintViolationException: Cannot delete or update a parent row: a foreign key constraint fails (`toeiconline`.`user`, CONSTRAINT `fk_user_role` FOREIGN KEY (`roleid`) REFERENCES `role` (`roleid`))
	at sun.reflect.NativeConstructorAccessorImpl.newInstance0(Native Method)
	at sun.reflect.NativeConstructorAccessorImpl.newInstance(NativeConstructorAccessorImpl.java:62)
	at sun.reflect.DelegatingConstructorAccessorImpl.newInstance(DelegatingConstructorAccessorImpl.java:45)
	at java.lang.reflect.Constructor.newInstance(Constructor.java:423)
	at com.mysql.jdbc.Util.handleNewInstance(Util.java:408)
	at com.mysql.jdbc.Util.getInstance(Util.java:383)
	at com.mysql.jdbc.SQLError.createSQLException(SQLError.java:1049)
	at com.mysql.jdbc.MysqlIO.checkErrorPacket(MysqlIO.java:4226)
	at com.mysql.jdbc.MysqlIO.checkErrorPacket(MysqlIO.java:4158)
	at com.mysql.jdbc.MysqlIO.sendCommand(MysqlIO.java:2615)
	at com.mysql.jdbc.MysqlIO.sqlQueryDirect(MysqlIO.java:2776)
	at com.mysql.jdbc.ConnectionImpl.execSQL(ConnectionImpl.java:2840)
	at com.mysql.jdbc.PreparedStatement.executeInternal(PreparedStatement.java:2082)
	at com.mysql.jdbc.PreparedStatement.executeUpdate(PreparedStatement.java:2334)
	at com.mysql.jdbc.PreparedStatement.executeUpdate(PreparedStatement.java:2262)
	at com.mysql.jdbc.PreparedStatement.executeUpdate(PreparedStatement.java:2246)
	at org.hibernate.engine.jdbc.internal.ResultSetReturnImpl.executeUpdate(ResultSetReturnImpl.java:208)
	... 48 more
</failure>
    <system-out>Hibernate: select roleentity0_.roleid as roleid1_2_0_, roleentity0_.name as name2_2_0_ from role roleentity0_ where roleentity0_.roleid=?
Hibernate: select roleentity0_.roleid as roleid1_2_0_, roleentity0_.name as name2_2_0_ from role roleentity0_ where roleentity0_.roleid=?
Hibernate: delete from role where roleid=?
2018-07-17 06:21:24 ERROR SqlExceptionHelper:146 - Cannot delete or update a parent row: a foreign key constraint fails (`toeiconline`.`user`, CONSTRAINT `fk_user_role` FOREIGN KEY (`roleid`) REFERENCES `role` (`roleid`))
</system-out>
  </testcase>
  <testcase classname="vn.myclass.api.test.RoleTest" name="checkFindAll" time="0.016"/>
  <testcase classname="vn.myclass.api.test.RoleTest" name="checkFindByIdRole" time="0.003"/>
  <testcase classname="vn.myclass.api.test.RoleTest" name="checkFindByProperty" time="0.001"/>
  <testcase classname="vn.myclass.api.test.RoleTest" name="checkSaveRole" time="0.024">
    <failure message="could not execute statement" type="org.hibernate.exception.ConstraintViolationException">org.hibernate.exception.ConstraintViolationException: could not execute statement
	at org.hibernate.exception.internal.SQLExceptionTypeDelegate.convert(SQLExceptionTypeDelegate.java:72)
	at org.hibernate.exception.internal.StandardSQLExceptionConverter.convert(StandardSQLExceptionConverter.java:49)
	at org.hibernate.engine.jdbc.spi.SqlExceptionHelper.convert(SqlExceptionHelper.java:126)
	at org.hibernate.engine.jdbc.spi.SqlExceptionHelper.convert(SqlExceptionHelper.java:112)
	at org.hibernate.engine.jdbc.internal.ResultSetReturnImpl.executeUpdate(ResultSetReturnImpl.java:211)
	at org.hibernate.engine.jdbc.batch.internal.NonBatchingBatch.addToBatch(NonBatchingBatch.java:62)
	at org.hibernate.persister.entity.AbstractEntityPersister.insert(AbstractEntityPersister.java:3124)
	at org.hibernate.persister.entity.AbstractEntityPersister.insert(AbstractEntityPersister.java:3581)
	at org.hibernate.action.internal.EntityInsertAction.execute(EntityInsertAction.java:104)
	at org.hibernate.engine.spi.ActionQueue.executeActions(ActionQueue.java:463)
	at org.hibernate.engine.spi.ActionQueue.executeActions(ActionQueue.java:349)
	at org.hibernate.event.internal.AbstractFlushingEventListener.performExecutions(AbstractFlushingEventListener.java:350)
	at org.hibernate.event.internal.DefaultFlushEventListener.onFlush(DefaultFlushEventListener.java:56)
	at org.hibernate.internal.SessionImpl.flush(SessionImpl.java:1222)
	at org.hibernate.internal.SessionImpl.managedFlush(SessionImpl.java:425)
	at org.hibernate.engine.transaction.internal.jdbc.JdbcTransaction.beforeTransactionCommit(JdbcTransaction.java:101)
	at org.hibernate.engine.transaction.spi.AbstractTransactionImpl.commit(AbstractTransactionImpl.java:177)
	at vn.myclass.core.data.daoimpl.AbstractDao.save(AbstractDao.java:73)
	at vn.myclass.api.test.RoleTest.checkSaveRole(RoleTest.java:33)
Caused by: com.mysql.jdbc.exceptions.jdbc4.MySQLIntegrityConstraintViolationException: Duplicate entry &apos;3&apos; for key &apos;PRIMARY&apos;
	at sun.reflect.NativeConstructorAccessorImpl.newInstance0(Native Method)
	at sun.reflect.NativeConstructorAccessorImpl.newInstance(NativeConstructorAccessorImpl.java:62)
	at sun.reflect.DelegatingConstructorAccessorImpl.newInstance(DelegatingConstructorAccessorImpl.java:45)
	at java.lang.reflect.Constructor.newInstance(Constructor.java:423)
	at com.mysql.jdbc.Util.handleNewInstance(Util.java:408)
	at com.mysql.jdbc.Util.getInstance(Util.java:383)
	at com.mysql.jdbc.SQLError.createSQLException(SQLError.java:1049)
	at com.mysql.jdbc.MysqlIO.checkErrorPacket(MysqlIO.java:4226)
	at com.mysql.jdbc.MysqlIO.checkErrorPacket(MysqlIO.java:4158)
	at com.mysql.jdbc.MysqlIO.sendCommand(MysqlIO.java:2615)
	at com.mysql.jdbc.MysqlIO.sqlQueryDirect(MysqlIO.java:2776)
	at com.mysql.jdbc.ConnectionImpl.execSQL(ConnectionImpl.java:2840)
	at com.mysql.jdbc.PreparedStatement.executeInternal(PreparedStatement.java:2082)
	at com.mysql.jdbc.PreparedStatement.executeUpdate(PreparedStatement.java:2334)
	at com.mysql.jdbc.PreparedStatement.executeUpdate(PreparedStatement.java:2262)
	at com.mysql.jdbc.PreparedStatement.executeUpdate(PreparedStatement.java:2246)
	at org.hibernate.engine.jdbc.internal.ResultSetReturnImpl.executeUpdate(ResultSetReturnImpl.java:208)
	... 48 more
</failure>
    <system-out>Hibernate: insert into role (name, roleid) values (?, ?)
2018-07-17 06:21:24 ERROR SqlExceptionHelper:146 - Duplicate entry &apos;3&apos; for key &apos;PRIMARY&apos;
</system-out>
  </testcase>
  <testcase classname="vn.myclass.api.test.RoleTest" name="checkUpdateRole" time="0.005"/>
</testsuite>